<?xml version="1.0" encoding="UTF-8"?>
<testsuite xmlns:xsi="http://www.w3.org/2001/XMLSchema-instance" xsi:noNamespaceSchemaLocation="https://maven.apache.org/surefire/maven-surefire-plugin/xsd/surefire-test-report.xsd" name="com.sumitchauhan.AppTest" time="0.029" tests="1" errors="0" skipped="0" failures="0">
  <properties>
    <property name="sun.desktop" value="windows"/>
    <property name="awt.toolkit" value="sun.awt.windows.WToolkit"/>
    <property name="file.encoding.pkg" value="sun.io"/>
    <property name="java.specification.version" value="1.8"/>
    <property name="sun.cpu.isalist" value="amd64"/>
    <property name="sun.jnu.encoding" value="Cp1252"/>
    <property name="java.class.path" value="C:\Users\sc16569\MyProjects\zipproject\target\test-classes;C:\Users\sc16569\MyProjects\zipproject\target\classes;C:\Users\sc16569\.m2\repository\junit\junit\4.11\junit-4.11.jar;C:\Users\sc16569\.m2\repository\org\hamcrest\hamcrest-core\1.3\hamcrest-core-1.3.jar;"/>
    <property name="java.vm.vendor" value=""/>
    <property name="sun.arch.data.model" value="64"/>
    <property name="user.variant" value=""/>
    <property name="java.vendor.url" value="http://java.oracle.com/"/>
    <property name="user.timezone" value="Asia/Calcutta"/>
    <property name="java.vm.specification.version" value="1.8"/>
    <property name="os.name" value="Windows 7"/>
    <property name="user.country" value="US"/>
    <property name="sun.java.launcher" value="SUN_STANDARD"/>
    <property name="sun.boot.library.path" value="C:\Program Files\AdoptOpenJDK\jdk-8.0.212.04-hotspot\jre\bin"/>
    <property name="sun.java.command" value="C:\Temp\surefire6842173125852964221\surefirebooter4754241989680466072.jar C:\Temp\surefire6842173125852964221 2019-07-01T20-28-01_730-jvmRun1 surefire5905494723381328281tmp surefire_03553331654333057341tmp"/>
    <property name="surefire.test.class.path" value="C:\Users\sc16569\MyProjects\zipproject\target\test-classes;C:\Users\sc16569\MyProjects\zipproject\target\classes;C:\Users\sc16569\.m2\repository\junit\junit\4.11\junit-4.11.jar;C:\Users\sc16569\.m2\repository\org\hamcrest\hamcrest-core\1.3\hamcrest-core-1.3.jar;"/>
    <property name="sun.cpu.endian" value="little"/>
    <property name="user.home" value="C:\Users\sc16569"/>
    <property name="user.language" value="en"/>
    <property name="java.specification.vendor" value="Oracle Corporation"/>
    <property name="java.home" value="C:\Program Files\AdoptOpenJDK\jdk-8.0.212.04-hotspot\jre"/>
    <property name="basedir" value="C:\Users\sc16569\MyProjects\zipproject"/>
    <property name="file.separator" value="\"/>
    <property name="line.separator" value="&#10;"/>
    <property name="java.vm.specification.vendor" value="Oracle Corporation"/>
    <property name="java.specification.name" value="Java Platform API Specification"/>
    <property name="java.awt.graphicsenv" value="sun.awt.Win32GraphicsEnvironment"/>
    <property name="surefire.real.class.path" value="C:\Temp\surefire6842173125852964221\surefirebooter4754241989680466072.jar"/>
    <property name="sun.boot.class.path" value="C:\Program Files\AdoptOpenJDK\jdk-8.0.212.04-hotspot\jre\lib\resources.jar;C:\Program Files\AdoptOpenJDK\jdk-8.0.212.04-hotspot\jre\lib\rt.jar;C:\Program Files\AdoptOpenJDK\jdk-8.0.212.04-hotspot\jre\lib\sunrsasign.jar;C:\Program Files\AdoptOpenJDK\jdk-8.0.212.04-hotspot\jre\lib\jsse.jar;C:\Program Files\AdoptOpenJDK\jdk-8.0.212.04-hotspot\jre\lib\jce.jar;C:\Program Files\AdoptOpenJDK\jdk-8.0.212.04-hotspot\jre\lib\charsets.jar;C:\Program Files\AdoptOpenJDK\jdk-8.0.212.04-hotspot\jre\lib\jfr.jar;C:\Program Files\AdoptOpenJDK\jdk-8.0.212.04-hotspot\jre\classes"/>
    <property name="user.script" value=""/>
    <property name="sun.management.compiler" value="HotSpot 64-Bit Tiered Compilers"/>
    <property name="java.runtime.version" value="1.8.0_212-b04"/>
    <property name="user.name" value="sc16569"/>
    <property name="path.separator" value=";"/>
    <property name="os.version" value="6.1"/>
    <property name="java.endorsed.dirs" value="C:\Program Files\AdoptOpenJDK\jdk-8.0.212.04-hotspot\jre\lib\endorsed"/>
    <property name="java.runtime.name" value="OpenJDK Runtime Environment"/>
    <property name="file.encoding" value="Cp1252"/>
    <property name="java.vm.name" value="OpenJDK 64-Bit Server VM"/>
    <property name="localRepository" value="C:\Users\sc16569\.m2\repository"/>
    <property name="java.vendor.url.bug" value="http://bugreport.sun.com/bugreport/"/>
    <property name="java.io.tmpdir" value="C:\Temp\"/>
    <property name="java.version" value="1.8.0_212"/>
    <property name="user.dir" value="C:\Users\sc16569\MyProjects\zipproject"/>
    <property name="os.arch" value="amd64"/>
    <property name="java.vm.specification.name" value="Java Virtual Machine Specification"/>
    <property name="java.awt.printerjob" value="sun.awt.windows.WPrinterJob"/>
    <property name="sun.os.patch.level" value="Service Pack 1"/>
    <property name="java.library.path" value="C:\Program Files\AdoptOpenJDK\jdk-8.0.212.04-hotspot\jre\bin;C:\Windows\Sun\Java\bin;C:\Windows\system32;C:\Windows;C:\Program Files\AdoptOpenJDK\jdk-8.0.212.04-hotspot\bin;C:\Program Files\Microsoft HPC Pack 2012\Bin\;C:\Program Files (x86)\Common Files\Oracle\Java\javapath;C:\ProgramData\Oracle\Java\javapath;C:\Windows\system32;C:\Windows;C:\Windows\System32\Wbem;C:\Windows\System32\WindowsPowerShell\v1.0\;C:\Program Files\TortoiseSVN\bin;C:\Program Files (x86)\Microsoft ASP.NET\ASP.NET Web Pages\v1.0\;C:\Program Files (x86)\Windows Kits\8.0\Windows Performance Toolkit\;C:\Program Files\Microsoft SQL Server\110\Tools\Binn\;C:\Program Files (x86)\VisualSVN\bin;C:\Program Files\Collaborator Client;C:\Program Files\Microsoft\Web Platform Installer\;C:\Program Files\Autonomy\Connected BackupPC;C:\Program Files (x86)\Autonomy\Connected BackupPC;C:\Program Files\Mozilla Firefox\;C:\Program Files\Lenovo\Touch Fingerprint Software\;C:\Program Files\Microsoft SQL Server\Client SDK\ODBC\110\Tools\Binn\;C:\Program Files (x86)\Microsoft SQL Server\120\Tools\Binn\;C:\Program Files\Microsoft SQL Server\120\Tools\Binn\;C:\Program Files\Microsoft SQL Server\120\DTS\Binn\;C:\Program Files (x86)\Microsoft SQL Server\120\Tools\Binn\ManagementStudio\;C:\Program Files (x86)\Microsoft SQL Server\120\DTS\Binn\;C:\Program Files (x86)\Sennheiser\SoftphoneSDK\;C:\Program Files (x86)\Intel\UCRT\;C:\Program Files\Intel\UCRT\;C:\Program Files (x86)\Intel\Intel(R) Management Engine Components\DAL;C:\Program Files\Intel\Intel(R) Management Engine Components\DAL;C:\Program Files\Intel\WiFi\bin\;C:\Program Files\Common Files\Intel\WirelessCommon\;C:\Users\sc16569\AppData\Local\Programs\Python\Python37-32\Scripts\;C:\Users\sc16569\AppData\Local\Programs\Python\Python37-32\;C:\Program Files\Microsoft VS Code\bin;C:\Users\sc16569\AppData\Local\Programs\Fiddler;C:\Program Files\Intel\WiFi\bin\;C:\Program Files\Common Files\Intel\WirelessCommon\;C:\Users\sc16569\MyPrograms\apache-maven-3.6.1\bin;C:\Program Files\AdoptOpenJDK\jdk-8.0.212.04-hotspot\bin;."/>
    <property name="java.vm.info" value="mixed mode"/>
    <property name="java.vendor" value="AdoptOpenJDK"/>
    <property name="java.vm.version" value="25.212-b04"/>
    <property name="java.ext.dirs" value="C:\Program Files\AdoptOpenJDK\jdk-8.0.212.04-hotspot\jre\lib\ext;C:\Windows\Sun\Java\lib\ext"/>
    <property name="sun.io.unicode.encoding" value="UnicodeLittle"/>
    <property name="java.class.version" value="52.0"/>
  </properties>
  <testcase name="testinputfilenames" classname="com.sumitchauhan.AppTest" time="0.002"/>
</testsuite>